<?xml version="1.0" encoding="UTF-8"?>
<!-- Generated by org.testng.reporters.JUnitReportReporter -->
<testsuite skipped="0" hostname="DESKTOP-6J5OR08" name="com.shaadi.automation.testrunner.TestRunner" tests="1" failures="0" timestamp="10 Aug 2019 08:41:20 GMT" time="34.217" errors="0">
  <testcase name="feature" time="34.217" classname="com.shaadi.automation.testrunner.TestRunner"/>
</testsuite> <!-- com.shaadi.automation.testrunner.TestRunner -->
